 08/10/23
 z =  1  L = 0  S = 0  NV =  253  BASIS SET SIZES ARE  125  125    3
         253       12150           1
28h tables of l1, l2, p, q, s, k1, k2
    1       0    0    0    0    0     0.95459     0.51447
    2       0    0    0    1    0     0.95459     0.51447
  125       0    0    0    0    9     0.95459     0.51447
  126       0    0    0    0    0     2.85529     2.62848
  250       0    0    0    0    9     2.85529     2.62848
  251       0    0    0    0    0     8.57404     7.20593
  253       0    0    0    0    1     8.57404     7.20593
 Starting POWER, LDUMP =  T
 OK2, DONE YAX
 OK3 READ(8) SH
 OK4 calling solve           1
 done solve           1
 ITER = 1 DXM = 0.100D+01 FOR   2 E =-0.5550203308839460747450645D-01  -0.346D-59
 OK1 READ(9) SH, K =           2
 OK2, DONE YAX
 OK3 READ(10) SH
 OK4 calling solve           2
 done solve           2
 ITER = 2 DXM = 0.114D-05 FOR  52 E =-0.5550203286894794855285859D-01   0.132D-58
 OK1 READ(9) SH, K =           3
 OK2, DONE YAX
 OK3 READ(10) SH
 OK4 calling solve           3
 done solve           3
 ITER = 3 DXM = 0.143D-13 FOR  52 E =-0.5550203286894794845307886D-01  -0.497D-59
 OK1 READ(9) SH, K =           4
 OK2, DONE YAX
 OK3 READ(10) SH
 OK4 calling solve           4
 done solve           4
 ITER = 4 DXM = 0.112D-21 FOR  52 E =-0.5550203286894794845307887D-01   0.267D-58
 OK1 READ(9) SH, K =           5
 OK2, DONE YAX
 OK3 READ(10) SH
 OK4 calling solve           5
 done solve           5
 ITER = 5 DXM = 0.690D-30 FOR  52 E =-0.5550203286894794845307887D-01   0.565D-59
 OK5 reading 8       32131
 done 8
 OK6 calling yax         253
 done yax
 OK7 reading 9
 done 9
 OK8 calling yax2 T
 done yax2
 starting loop 32
 DX = 0.561D-43  96  DE =-0.23704D-43-0.5550203286894794845307887D-01   0.565D-59
                                                           LOOP  1
 EIGENVECTOR IS
  2.115D-01 3.032D-01 9.949D-01 2.434D-01-3.666D-01-8.725D-01-3.549D-01
 Eold =   -0.055502032868947948453079
 Enew =   -0.055502032868947948453079
 Diff =    0.000000000000000000000000
 LOOP =  1, DERIVATIVES ARE
 -1.3806D-09  5.3290D-11  2.6997D-10  2.8708D-10 -2.3364D-13  8.7197D-13
     0.95459     0.51447     2.85529     2.62848     8.57404     7.20593
     0.96414     0.50932     2.82673     2.60219     8.65978     7.13387
-------------------------------------------------
-------------------------------------------------
-------------------------------------------------
-------------------------------------------------
-------------------------------------------------
-------------------------------------------------
-------------------------------------------------
-------------------------------------------------
-------------------------------------------------
-------------------------------------------------
 -5.2775101643447397422653943262745D-01
  1  0  0  253  1 111S253.POW   Z= 1 1 1Se 9 9 12121-1            08/10/23, NDG, d     
  250    3   21   21   -1
-----------------------E-N-D----------------------------
