 ==> Looking for file: data/ermacdq.dat
ERMAC =   0.7245D-70
 ==> Looking for file: data/other/notdone
 ==> Looking for file: out/dall2020.out
 ==> Looking for file: data/dall2020.dat
  1  0  0  0 111S044.POW   Z= 1 1 1Se                        06/19/23,,NDG
 ==> Looking for file: data/other/111S2
 ==> Looking for file: data/other/111S3
 z =  1  L = 0  S = 0  NV =  251  BASIS SET SIZES ARE  125  123    3
    1       0    0    0    0    0     0.95459     0.51447
    2       0    0    0    1    0     0.95459     0.51447
  125       0    0    0    0    9     0.95459     0.51447
  126       0    0    0    0    0     2.85529     2.62848
  248       0    0    0    0    9     2.85529     2.62848
  249       0    0    0    0    0     8.57404     7.20593
  251       0    0    0    0    1     8.57404     7.20593
  COMB TRANSFORMATION SUPPRESSED.
  111S251.POW               1
 ==> Looking for file: data/other/notdone
 ==> Looking for file: data/current.dat
|.|..||.|..|
E(0) = -0.5000000000000000 ALPHA =  0.954590  2.855286  8.574036
O(1) =  1.8512423839191325  BETA =  0.514465  2.628479  7.205933
   1.8512423839191324937424998853146236233571375759515724077349740616911428E0   
 calling POWER
..
 ITER = 1 DXM = 0.100D+01 FOR   2 E =-0.5550203308839435050530428D-01   0.139D-58
 ITER = 2 DXM = 0.160D-05 FOR 204 E =-0.5550203286883770627085733D-01   0.152D-58
 ITER = 3 DXM = 0.171D-13 FOR 204 E =-0.5550203286883770610983116D-01   0.102D-58
 ITER = 4 DXM = 0.132D-21 FOR 129 E =-0.5550203286883770610983116D-01   0.185D-58
 ITER = 5 DXM = 0.816D-30 FOR 129 E =-0.5550203286883770610983116D-01   0.352D-59
 DX = 0.243D-43  96  DE = 0.81563D-44-0.5550203286883770610983116D-01   0.352D-59
                                                           LOOP  1
 EIGENVECTOR IS
  2.102D-01 3.104D-01 9.925D-01 2.222D-01-3.701D-01-8.543D-01-3.586D-01
|.|..||.|..|
 Eold =   -0.055502032868837706109831
 Enew =   -0.055502032868837706109831
 Diff =    0.000000000000000000000000
 LOOP =  1, DERIVATIVES ARE
 -1.3744D-09  4.6690D-11  2.6997D-10  2.8641D-10 -2.4630D-13  8.8577D-13
     0.95459     0.51447     2.85529     2.62848     8.57404     7.20593
     0.96414     0.50932     2.82673     2.60219     8.65978     7.13387
 -0.527751016434418853054915581274662780      
  -5.2775101643441885305491558127466275827216877776746414382217087655484261E-1  
  1  0  0  251  1 111S251.POW   Z= 1 1 1Se 9 9 12121 6            08/08/23, NDG, d     
 111S251.POW     
 ==> Looking for file: ../wave/infinite-mass/tripled/truncated/111S251.POW     
 ==> Looking for file: data/other/notdone
  248    3   21   21    6
-----------------------E-N-D----------------------------
